F:\4TH TERM\COMPUTER GRAPHICS\PROJECTS\1 - DDA\DDA\DDA\DEBUG\MAIN.OBJ
F:\4TH TERM\COMPUTER GRAPHICS\PROJECTS\1 - DDA\DDA\DDA\DEBUG\VC110.PDB
F:\4TH TERM\COMPUTER GRAPHICS\PROJECTS\1 - DDA\DDA\DEBUG\DDA.ILK
F:\4TH TERM\COMPUTER GRAPHICS\PROJECTS\1 - DDA\DDA\DEBUG\DDA.EXE
F:\4TH TERM\COMPUTER GRAPHICS\PROJECTS\1 - DDA\DDA\DEBUG\DDA.PDB
F:\4th Term\Computer Graphics\Projects\1 - DDA\DDA\DDA\Debug\cl.command.1.tlog
F:\4th Term\Computer Graphics\Projects\1 - DDA\DDA\DDA\Debug\CL.read.1.tlog
F:\4th Term\Computer Graphics\Projects\1 - DDA\DDA\DDA\Debug\CL.write.1.tlog
F:\4th Term\Computer Graphics\Projects\1 - DDA\DDA\DDA\Debug\link-cvtres.read.1.tlog
F:\4th Term\Computer Graphics\Projects\1 - DDA\DDA\DDA\Debug\link-cvtres.write.1.tlog
F:\4th Term\Computer Graphics\Projects\1 - DDA\DDA\DDA\Debug\link-rc.read.1.tlog
F:\4th Term\Computer Graphics\Projects\1 - DDA\DDA\DDA\Debug\link-rc.write.1.tlog
F:\4th Term\Computer Graphics\Projects\1 - DDA\DDA\DDA\Debug\link.command.1.tlog
F:\4th Term\Computer Graphics\Projects\1 - DDA\DDA\DDA\Debug\link.read.1.tlog
F:\4th Term\Computer Graphics\Projects\1 - DDA\DDA\DDA\Debug\link.write.1.tlog
F:\4th Term\Computer Graphics\Projects\1 - DDA\DDA\DDA\Debug\vc110.idb
F:\4th Term\Computer Graphics\Projects\1 - DDA\DDA\DDA\Debug\vc110.pdb
F:\4th Term\Computer Graphics\Projects\1 - DDA\DDA\Debug\DDA.pdb
F:\4th Term\Computer Graphics\Projects\1 - DDA\DDA\Debug\DDA.exe
F:\4th Term\Computer Graphics\Projects\1 - DDA\DDA\Debug\DDA.ilk
